[2019-08-09 18:57:19] production.ERROR: InvalidArgumentException: View [index] not found. in /Volumes/Data/Git/taxi_reservation/vendor/laravel/framework/src/Illuminate/View/FileViewFinder.php:137
Stack trace:
#0 /Volumes/Data/Git/taxi_reservation/vendor/laravel/framework/src/Illuminate/View/FileViewFinder.php(79): Illuminate\View\FileViewFinder->findInPaths('index', Array)
#1 /Volumes/Data/Git/taxi_reservation/vendor/laravel/framework/src/Illuminate/View/Factory.php(174): Illuminate\View\FileViewFinder->find('index')
#2 /Volumes/Data/Git/taxi_reservation/vendor/laravel/framework/src/Illuminate/Foundation/helpers.php(858): Illuminate\View\Factory->make('index', Array, Array)
#3 /Volumes/Data/Git/taxi_reservation/routes/web.php(132): view('index')
#4 /Volumes/Data/Git/taxi_reservation/vendor/laravel/framework/src/Illuminate/Routing/Route.php(176): App\Providers\RouteServiceProvider->{closure}()
#5 /Volumes/Data/Git/taxi_reservation/vendor/laravel/framework/src/Illuminate/Routing/Route.php(147): Illuminate\Routing\Route->runCallable()
#6 /Volumes/Data/Git/taxi_reservation/vendor/laravel/framework/src/Illuminate/Routing/Router.php(653): Illuminate\Routing\Route->run(Object(Illuminate\Http\Request))
#7 /Volumes/Data/Git/taxi_reservation/vendor/laravel/framework/src/Illuminate/Routing/Pipeline.php(53): Illuminate\Routing\Router->Illuminate\Routing\{closure}(Object(Illuminate\Http\Request))
#8 /Volumes/Data/Git/taxi_reservation/vendor/laravel/framework/src/Illuminate/Routing/Middleware/SubstituteBindings.php(41): Illuminate\Routing\Pipeline->Illuminate\Routing\{closure}(Object(Illuminate\Http\Request))
#9 /Volumes/Data/Git/taxi_reservation/vendor/laravel/framework/src/Illuminate/Pipeline/Pipeline.php(137): Illuminate\Routing\Middleware\SubstituteBindings->handle(Object(Illuminate\Http\Request), Object(Closure))
#10 /Volumes/Data/Git/taxi_reservation/vendor/laravel/framework/src/Illuminate/Routing/Pipeline.php(33): Illuminate\Pipeline\Pipeline->Illuminate\Pipeline\{closure}(Object(Illuminate\Http\Request))
#11 /Volumes/Data/Git/taxi_reservation/vendor/laravel/framework/src/Illuminate/Foundation/Http/Middleware/VerifyCsrfToken.php(65): Illuminate\Routing\Pipeline->Illuminate\Routing\{closure}(Object(Illuminate\Http\Request))
#12 /Volumes/Data/Git/taxi_reservation/vendor/laravel/framework/src/Illuminate/Pipeline/Pipeline.php(137): Illuminate\Foundation\Http\Middleware\VerifyCsrfToken->handle(Object(Illuminate\Http\Request), Object(Closure))
#13 /Volumes/Data/Git/taxi_reservation/vendor/laravel/framework/src/Illuminate/Routing/Pipeline.php(33): Illuminate\Pipeline\Pipeline->Illuminate\Pipeline\{closure}(Object(Illuminate\Http\Request))
#14 /Volumes/Data/Git/taxi_reservation/vendor/laravel/framework/src/Illuminate/View/Middleware/ShareErrorsFromSession.php(49): Illuminate\Routing\Pipeline->Illuminate\Routing\{closure}(Object(Illuminate\Http\Request))
#15 /Volumes/Data/Git/taxi_reservation/vendor/laravel/framework/src/Illuminate/Pipeline/Pipeline.php(137): Illuminate\View\Middleware\ShareErrorsFromSession->handle(Object(Illuminate\Http\Request), Object(Closure))
#16 /Volumes/Data/Git/taxi_reservation/vendor/laravel/framework/src/Illuminate/Routing/Pipeline.php(33): Illuminate\Pipeline\Pipeline->Illuminate\Pipeline\{closure}(Object(Illuminate\Http\Request))
#17 /Volumes/Data/Git/taxi_reservation/vendor/laravel/framework/src/Illuminate/Session/Middleware/StartSession.php(64): Illuminate\Routing\Pipeline->Illuminate\Routing\{closure}(Object(Illuminate\Http\Request))
#18 /Volumes/Data/Git/taxi_reservation/vendor/laravel/framework/src/Illuminate/Pipeline/Pipeline.php(137): Illuminate\Session\Middleware\StartSession->handle(Object(Illuminate\Http\Request), Object(Closure))
#19 /Volumes/Data/Git/taxi_reservation/vendor/laravel/framework/src/Illuminate/Routing/Pipeline.php(33): Illuminate\Pipeline\Pipeline->Illuminate\Pipeline\{closure}(Object(Illuminate\Http\Request))
#20 /Volumes/Data/Git/taxi_reservation/vendor/laravel/framework/src/Illuminate/Cookie/Middleware/AddQueuedCookiesToResponse.php(37): Illuminate\Routing\Pipeline->Illuminate\Routing\{closure}(Object(Illuminate\Http\Request))
#21 /Volumes/Data/Git/taxi_reservation/vendor/laravel/framework/src/Illuminate/Pipeline/Pipeline.php(137): Illuminate\Cookie\Middleware\AddQueuedCookiesToResponse->handle(Object(Illuminate\Http\Request), Object(Closure))
#22 /Volumes/Data/Git/taxi_reservation/vendor/laravel/framework/src/Illuminate/Routing/Pipeline.php(33): Illuminate\Pipeline\Pipeline->Illuminate\Pipeline\{closure}(Object(Illuminate\Http\Request))
#23 /Volumes/Data/Git/taxi_reservation/vendor/laravel/framework/src/Illuminate/Cookie/Middleware/EncryptCookies.php(59): Illuminate\Routing\Pipeline->Illuminate\Routing\{closure}(Object(Illuminate\Http\Request))
#24 /Volumes/Data/Git/taxi_reservation/vendor/laravel/framework/src/Illuminate/Pipeline/Pipeline.php(137): Illuminate\Cookie\Middleware\EncryptCookies->handle(Object(Illuminate\Http\Request), Object(Closure))
#25 /Volumes/Data/Git/taxi_reservation/vendor/laravel/framework/src/Illuminate/Routing/Pipeline.php(33): Illuminate\Pipeline\Pipeline->Illuminate\Pipeline\{closure}(Object(Illuminate\Http\Request))
#26 /Volumes/Data/Git/taxi_reservation/vendor/laravel/framework/src/Illuminate/Pipeline/Pipeline.php(104): Illuminate\Routing\Pipeline->Illuminate\Routing\{closure}(Object(Illuminate\Http\Request))
#27 /Volumes/Data/Git/taxi_reservation/vendor/laravel/framework/src/Illuminate/Routing/Router.php(655): Illuminate\Pipeline\Pipeline->then(Object(Closure))
#28 /Volumes/Data/Git/taxi_reservation/vendor/laravel/framework/src/Illuminate/Routing/Router.php(629): Illuminate\Routing\Router->runRouteWithinStack(Object(Illuminate\Routing\Route), Object(Illuminate\Http\Request))
#29 /Volumes/Data/Git/taxi_reservation/vendor/laravel/framework/src/Illuminate/Routing/Router.php(607): Illuminate\Routing\Router->dispatchToRoute(Object(Illuminate\Http\Request))
#30 /Volumes/Data/Git/taxi_reservation/vendor/laravel/framework/src/Illuminate/Foundation/Http/Kernel.php(268): Illuminate\Routing\Router->dispatch(Object(Illuminate\Http\Request))
#31 /Volumes/Data/Git/taxi_reservation/vendor/laravel/framework/src/Illuminate/Routing/Pipeline.php(53): Illuminate\Foundation\Http\Kernel->Illuminate\Foundation\Http\{closure}(Object(Illuminate\Http\Request))
#32 /Volumes/Data/Git/taxi_reservation/vendor/laravel/framework/src/Illuminate/Foundation/Http/Middleware/CheckForMaintenanceMode.php(46): Illuminate\Routing\Pipeline->Illuminate\Routing\{closure}(Object(Illuminate\Http\Request))
#33 /Volumes/Data/Git/taxi_reservation/vendor/laravel/framework/src/Illuminate/Pipeline/Pipeline.php(137): Illuminate\Foundation\Http\Middleware\CheckForMaintenanceMode->handle(Object(Illuminate\Http\Request), Object(Closure))
#34 /Volumes/Data/Git/taxi_reservation/vendor/laravel/framework/src/Illuminate/Routing/Pipeline.php(33): Illuminate\Pipeline\Pipeline->Illuminate\Pipeline\{closure}(Object(Illuminate\Http\Request))
#35 /Volumes/Data/Git/taxi_reservation/vendor/laravel/framework/src/Illuminate/Pipeline/Pipeline.php(104): Illuminate\Routing\Pipeline->Illuminate\Routing\{closure}(Object(Illuminate\Http\Request))
#36 /Volumes/Data/Git/taxi_reservation/vendor/laravel/framework/src/Illuminate/Foundation/Http/Kernel.php(150): Illuminate\Pipeline\Pipeline->then(Object(Closure))
#37 /Volumes/Data/Git/taxi_reservation/vendor/laravel/framework/src/Illuminate/Foundation/Http/Kernel.php(117): Illuminate\Foundation\Http\Kernel->sendRequestThroughRouter(Object(Illuminate\Http\Request))
#38 /Volumes/Data/Git/taxi_reservation/public/index.php(53): Illuminate\Foundation\Http\Kernel->handle(Object(Illuminate\Http\Request))
#39 /Volumes/Data/Git/taxi_reservation/server.php(21): require_once('/Volumes/Data/G...')
#40 {main}  
[2019-08-09 18:57:20] production.ERROR: ErrorException: file_put_contents(E:\upwork_project\relaxtaxi_web\storage\framework/sessions/49s6tWiew6JEQCaokpYAyKMb95suxX92CEMR8cxo): failed to open stream: No such file or directory in /Volumes/Data/Git/taxi_reservation/vendor/laravel/framework/src/Illuminate/Filesystem/Filesystem.php:111
Stack trace:
#0 [internal function]: Illuminate\Foundation\Bootstrap\HandleExceptions->handleError(2, 'file_put_conten...', '/Volumes/Data/G...', 111, Array)
#1 /Volumes/Data/Git/taxi_reservation/vendor/laravel/framework/src/Illuminate/Filesystem/Filesystem.php(111): file_put_contents('E:\\upwork_proje...', 'a:4:{s:6:"_toke...', 2)
#2 /Volumes/Data/Git/taxi_reservation/vendor/laravel/framework/src/Illuminate/Session/FileSessionHandler.php(83): Illuminate\Filesystem\Filesystem->put('E:\\upwork_proje...', 'a:4:{s:6:"_toke...', true)
#3 /Volumes/Data/Git/taxi_reservation/vendor/laravel/framework/src/Illuminate/Session/Store.php(263): Illuminate\Session\FileSessionHandler->write('49s6tWiew6JEQCa...', 'a:4:{s:6:"_toke...')
#4 /Volumes/Data/Git/taxi_reservation/vendor/laravel/framework/src/Illuminate/Session/Middleware/StartSession.php(88): Illuminate\Session\Store->save()
#5 /Volumes/Data/Git/taxi_reservation/vendor/laravel/framework/src/Illuminate/Foundation/Http/Kernel.php(177): Illuminate\Session\Middleware\StartSession->terminate(Object(Illuminate\Http\Request), Object(Illuminate\Http\Response))
#6 /Volumes/Data/Git/taxi_reservation/public/index.php(58): Illuminate\Foundation\Http\Kernel->terminate(Object(Illuminate\Http\Request), Object(Illuminate\Http\Response))
#7 /Volumes/Data/Git/taxi_reservation/server.php(21): require_once('/Volumes/Data/G...')
#8 {main}  
[2019-08-09 18:58:18] production.ERROR: InvalidArgumentException: View [index] not found. in /Volumes/Data/Git/taxi_reservation/vendor/laravel/framework/src/Illuminate/View/FileViewFinder.php:137
Stack trace:
#0 /Volumes/Data/Git/taxi_reservation/vendor/laravel/framework/src/Illuminate/View/FileViewFinder.php(79): Illuminate\View\FileViewFinder->findInPaths('index', Array)
#1 /Volumes/Data/Git/taxi_reservation/vendor/laravel/framework/src/Illuminate/View/Factory.php(174): Illuminate\View\FileViewFinder->find('index')
#2 /Volumes/Data/Git/taxi_reservation/vendor/laravel/framework/src/Illuminate/Foundation/helpers.php(858): Illuminate\View\Factory->make('index', Array, Array)
#3 /Volumes/Data/Git/taxi_reservation/routes/web.php(132): view('index')
#4 /Volumes/Data/Git/taxi_reservation/vendor/laravel/framework/src/Illuminate/Routing/Route.php(176): App\Providers\RouteServiceProvider->{closure}()
#5 /Volumes/Data/Git/taxi_reservation/vendor/laravel/framework/src/Illuminate/Routing/Route.php(147): Illuminate\Routing\Route->runCallable()
#6 /Volumes/Data/Git/taxi_reservation/vendor/laravel/framework/src/Illuminate/Routing/Router.php(653): Illuminate\Routing\Route->run(Object(Illuminate\Http\Request))
#7 /Volumes/Data/Git/taxi_reservation/vendor/laravel/framework/src/Illuminate/Routing/Pipeline.php(53): Illuminate\Routing\Router->Illuminate\Routing\{closure}(Object(Illuminate\Http\Request))
#8 /Volumes/Data/Git/taxi_reservation/vendor/laravel/framework/src/Illuminate/Routing/Middleware/SubstituteBindings.php(41): Illuminate\Routing\Pipeline->Illuminate\Routing\{closure}(Object(Illuminate\Http\Request))
#9 /Volumes/Data/Git/taxi_reservation/vendor/laravel/framework/src/Illuminate/Pipeline/Pipeline.php(137): Illuminate\Routing\Middleware\SubstituteBindings->handle(Object(Illuminate\Http\Request), Object(Closure))
#10 /Volumes/Data/Git/taxi_reservation/vendor/laravel/framework/src/Illuminate/Routing/Pipeline.php(33): Illuminate\Pipeline\Pipeline->Illuminate\Pipeline\{closure}(Object(Illuminate\Http\Request))
#11 /Volumes/Data/Git/taxi_reservation/vendor/laravel/framework/src/Illuminate/Foundation/Http/Middleware/VerifyCsrfToken.php(65): Illuminate\Routing\Pipeline->Illuminate\Routing\{closure}(Object(Illuminate\Http\Request))
#12 /Volumes/Data/Git/taxi_reservation/vendor/laravel/framework/src/Illuminate/Pipeline/Pipeline.php(137): Illuminate\Foundation\Http\Middleware\VerifyCsrfToken->handle(Object(Illuminate\Http\Request), Object(Closure))
#13 /Volumes/Data/Git/taxi_reservation/vendor/laravel/framework/src/Illuminate/Routing/Pipeline.php(33): Illuminate\Pipeline\Pipeline->Illuminate\Pipeline\{closure}(Object(Illuminate\Http\Request))
#14 /Volumes/Data/Git/taxi_reservation/vendor/laravel/framework/src/Illuminate/View/Middleware/ShareErrorsFromSession.php(49): Illuminate\Routing\Pipeline->Illuminate\Routing\{closure}(Object(Illuminate\Http\Request))
#15 /Volumes/Data/Git/taxi_reservation/vendor/laravel/framework/src/Illuminate/Pipeline/Pipeline.php(137): Illuminate\View\Middleware\ShareErrorsFromSession->handle(Object(Illuminate\Http\Request), Object(Closure))
#16 /Volumes/Data/Git/taxi_reservation/vendor/laravel/framework/src/Illuminate/Routing/Pipeline.php(33): Illuminate\Pipeline\Pipeline->Illuminate\Pipeline\{closure}(Object(Illuminate\Http\Request))
#17 /Volumes/Data/Git/taxi_reservation/vendor/laravel/framework/src/Illuminate/Session/Middleware/StartSession.php(64): Illuminate\Routing\Pipeline->Illuminate\Routing\{closure}(Object(Illuminate\Http\Request))
#18 /Volumes/Data/Git/taxi_reservation/vendor/laravel/framework/src/Illuminate/Pipeline/Pipeline.php(137): Illuminate\Session\Middleware\StartSession->handle(Object(Illuminate\Http\Request), Object(Closure))
#19 /Volumes/Data/Git/taxi_reservation/vendor/laravel/framework/src/Illuminate/Routing/Pipeline.php(33): Illuminate\Pipeline\Pipeline->Illuminate\Pipeline\{closure}(Object(Illuminate\Http\Request))
#20 /Volumes/Data/Git/taxi_reservation/vendor/laravel/framework/src/Illuminate/Cookie/Middleware/AddQueuedCookiesToResponse.php(37): Illuminate\Routing\Pipeline->Illuminate\Routing\{closure}(Object(Illuminate\Http\Request))
#21 /Volumes/Data/Git/taxi_reservation/vendor/laravel/framework/src/Illuminate/Pipeline/Pipeline.php(137): Illuminate\Cookie\Middleware\AddQueuedCookiesToResponse->handle(Object(Illuminate\Http\Request), Object(Closure))
#22 /Volumes/Data/Git/taxi_reservation/vendor/laravel/framework/src/Illuminate/Routing/Pipeline.php(33): Illuminate\Pipeline\Pipeline->Illuminate\Pipeline\{closure}(Object(Illuminate\Http\Request))
#23 /Volumes/Data/Git/taxi_reservation/vendor/laravel/framework/src/Illuminate/Cookie/Middleware/EncryptCookies.php(59): Illuminate\Routing\Pipeline->Illuminate\Routing\{closure}(Object(Illuminate\Http\Request))
#24 /Volumes/Data/Git/taxi_reservation/vendor/laravel/framework/src/Illuminate/Pipeline/Pipeline.php(137): Illuminate\Cookie\Middleware\EncryptCookies->handle(Object(Illuminate\Http\Request), Object(Closure))
#25 /Volumes/Data/Git/taxi_reservation/vendor/laravel/framework/src/Illuminate/Routing/Pipeline.php(33): Illuminate\Pipeline\Pipeline->Illuminate\Pipeline\{closure}(Object(Illuminate\Http\Request))
#26 /Volumes/Data/Git/taxi_reservation/vendor/laravel/framework/src/Illuminate/Pipeline/Pipeline.php(104): Illuminate\Routing\Pipeline->Illuminate\Routing\{closure}(Object(Illuminate\Http\Request))
#27 /Volumes/Data/Git/taxi_reservation/vendor/laravel/framework/src/Illuminate/Routing/Router.php(655): Illuminate\Pipeline\Pipeline->then(Object(Closure))
#28 /Volumes/Data/Git/taxi_reservation/vendor/laravel/framework/src/Illuminate/Routing/Router.php(629): Illuminate\Routing\Router->runRouteWithinStack(Object(Illuminate\Routing\Route), Object(Illuminate\Http\Request))
#29 /Volumes/Data/Git/taxi_reservation/vendor/laravel/framework/src/Illuminate/Routing/Router.php(607): Illuminate\Routing\Router->dispatchToRoute(Object(Illuminate\Http\Request))
#30 /Volumes/Data/Git/taxi_reservation/vendor/laravel/framework/src/Illuminate/Foundation/Http/Kernel.php(268): Illuminate\Routing\Router->dispatch(Object(Illuminate\Http\Request))
#31 /Volumes/Data/Git/taxi_reservation/vendor/laravel/framework/src/Illuminate/Routing/Pipeline.php(53): Illuminate\Foundation\Http\Kernel->Illuminate\Foundation\Http\{closure}(Object(Illuminate\Http\Request))
#32 /Volumes/Data/Git/taxi_reservation/vendor/laravel/framework/src/Illuminate/Foundation/Http/Middleware/CheckForMaintenanceMode.php(46): Illuminate\Routing\Pipeline->Illuminate\Routing\{closure}(Object(Illuminate\Http\Request))
#33 /Volumes/Data/Git/taxi_reservation/vendor/laravel/framework/src/Illuminate/Pipeline/Pipeline.php(137): Illuminate\Foundation\Http\Middleware\CheckForMaintenanceMode->handle(Object(Illuminate\Http\Request), Object(Closure))
#34 /Volumes/Data/Git/taxi_reservation/vendor/laravel/framework/src/Illuminate/Routing/Pipeline.php(33): Illuminate\Pipeline\Pipeline->Illuminate\Pipeline\{closure}(Object(Illuminate\Http\Request))
#35 /Volumes/Data/Git/taxi_reservation/vendor/laravel/framework/src/Illuminate/Pipeline/Pipeline.php(104): Illuminate\Routing\Pipeline->Illuminate\Routing\{closure}(Object(Illuminate\Http\Request))
#36 /Volumes/Data/Git/taxi_reservation/vendor/laravel/framework/src/Illuminate/Foundation/Http/Kernel.php(150): Illuminate\Pipeline\Pipeline->then(Object(Closure))
#37 /Volumes/Data/Git/taxi_reservation/vendor/laravel/framework/src/Illuminate/Foundation/Http/Kernel.php(117): Illuminate\Foundation\Http\Kernel->sendRequestThroughRouter(Object(Illuminate\Http\Request))
#38 /Volumes/Data/Git/taxi_reservation/public/index.php(53): Illuminate\Foundation\Http\Kernel->handle(Object(Illuminate\Http\Request))
#39 /Volumes/Data/Git/taxi_reservation/server.php(21): require_once('/Volumes/Data/G...')
#40 {main}  
[2019-08-09 18:58:19] production.ERROR: ErrorException: file_put_contents(E:\upwork_project\relaxtaxi_web\storage\framework/sessions/LRDYfoqxfpggP08neT9DMRz4iHTnGugFWdpJcZTT): failed to open stream: No such file or directory in /Volumes/Data/Git/taxi_reservation/vendor/laravel/framework/src/Illuminate/Filesystem/Filesystem.php:111
Stack trace:
#0 [internal function]: Illuminate\Foundation\Bootstrap\HandleExceptions->handleError(2, 'file_put_conten...', '/Volumes/Data/G...', 111, Array)
#1 /Volumes/Data/Git/taxi_reservation/vendor/laravel/framework/src/Illuminate/Filesystem/Filesystem.php(111): file_put_contents('E:\\upwork_proje...', 'a:4:{s:6:"_toke...', 2)
#2 /Volumes/Data/Git/taxi_reservation/vendor/laravel/framework/src/Illuminate/Session/FileSessionHandler.php(83): Illuminate\Filesystem\Filesystem->put('E:\\upwork_proje...', 'a:4:{s:6:"_toke...', true)
#3 /Volumes/Data/Git/taxi_reservation/vendor/laravel/framework/src/Illuminate/Session/Store.php(263): Illuminate\Session\FileSessionHandler->write('LRDYfoqxfpggP08...', 'a:4:{s:6:"_toke...')
#4 /Volumes/Data/Git/taxi_reservation/vendor/laravel/framework/src/Illuminate/Session/Middleware/StartSession.php(88): Illuminate\Session\Store->save()
#5 /Volumes/Data/Git/taxi_reservation/vendor/laravel/framework/src/Illuminate/Foundation/Http/Kernel.php(177): Illuminate\Session\Middleware\StartSession->terminate(Object(Illuminate\Http\Request), Object(Illuminate\Http\Response))
#6 /Volumes/Data/Git/taxi_reservation/public/index.php(58): Illuminate\Foundation\Http\Kernel->terminate(Object(Illuminate\Http\Request), Object(Illuminate\Http\Response))
#7 /Volumes/Data/Git/taxi_reservation/server.php(21): require_once('/Volumes/Data/G...')
#8 {main}  
[2019-08-09 19:03:35] production.ERROR: InvalidArgumentException: View [index] not found. in /Volumes/Data/Git/taxi_reservation/vendor/laravel/framework/src/Illuminate/View/FileViewFinder.php:137
Stack trace:
#0 /Volumes/Data/Git/taxi_reservation/vendor/laravel/framework/src/Illuminate/View/FileViewFinder.php(79): Illuminate\View\FileViewFinder->findInPaths('index', Array)
#1 /Volumes/Data/Git/taxi_reservation/vendor/laravel/framework/src/Illuminate/View/Factory.php(174): Illuminate\View\FileViewFinder->find('index')
#2 /Volumes/Data/Git/taxi_reservation/vendor/laravel/framework/src/Illuminate/Foundation/helpers.php(858): Illuminate\View\Factory->make('index', Array, Array)
#3 /Volumes/Data/Git/taxi_reservation/routes/web.php(132): view('index')
#4 /Volumes/Data/Git/taxi_reservation/vendor/laravel/framework/src/Illuminate/Routing/Route.php(176): App\Providers\RouteServiceProvider->{closure}()
#5 /Volumes/Data/Git/taxi_reservation/vendor/laravel/framework/src/Illuminate/Routing/Route.php(147): Illuminate\Routing\Route->runCallable()
#6 /Volumes/Data/Git/taxi_reservation/vendor/laravel/framework/src/Illuminate/Routing/Router.php(653): Illuminate\Routing\Route->run(Object(Illuminate\Http\Request))
#7 /Volumes/Data/Git/taxi_reservation/vendor/laravel/framework/src/Illuminate/Routing/Pipeline.php(53): Illuminate\Routing\Router->Illuminate\Routing\{closure}(Object(Illuminate\Http\Request))
#8 /Volumes/Data/Git/taxi_reservation/vendor/laravel/framework/src/Illuminate/Routing/Middleware/SubstituteBindings.php(41): Illuminate\Routing\Pipeline->Illuminate\Routing\{closure}(Object(Illuminate\Http\Request))
#9 /Volumes/Data/Git/taxi_reservation/vendor/laravel/framework/src/Illuminate/Pipeline/Pipeline.php(137): Illuminate\Routing\Middleware\SubstituteBindings->handle(Object(Illuminate\Http\Request), Object(Closure))
#10 /Volumes/Data/Git/taxi_reservation/vendor/laravel/framework/src/Illuminate/Routing/Pipeline.php(33): Illuminate\Pipeline\Pipeline->Illuminate\Pipeline\{closure}(Object(Illuminate\Http\Request))
#11 /Volumes/Data/Git/taxi_reservation/vendor/laravel/framework/src/Illuminate/Foundation/Http/Middleware/VerifyCsrfToken.php(65): Illuminate\Routing\Pipeline->Illuminate\Routing\{closure}(Object(Illuminate\Http\Request))
#12 /Volumes/Data/Git/taxi_reservation/vendor/laravel/framework/src/Illuminate/Pipeline/Pipeline.php(137): Illuminate\Foundation\Http\Middleware\VerifyCsrfToken->handle(Object(Illuminate\Http\Request), Object(Closure))
#13 /Volumes/Data/Git/taxi_reservation/vendor/laravel/framework/src/Illuminate/Routing/Pipeline.php(33): Illuminate\Pipeline\Pipeline->Illuminate\Pipeline\{closure}(Object(Illuminate\Http\Request))
#14 /Volumes/Data/Git/taxi_reservation/vendor/laravel/framework/src/Illuminate/View/Middleware/ShareErrorsFromSession.php(49): Illuminate\Routing\Pipeline->Illuminate\Routing\{closure}(Object(Illuminate\Http\Request))
#15 /Volumes/Data/Git/taxi_reservation/vendor/laravel/framework/src/Illuminate/Pipeline/Pipeline.php(137): Illuminate\View\Middleware\ShareErrorsFromSession->handle(Object(Illuminate\Http\Request), Object(Closure))
#16 /Volumes/Data/Git/taxi_reservation/vendor/laravel/framework/src/Illuminate/Routing/Pipeline.php(33): Illuminate\Pipeline\Pipeline->Illuminate\Pipeline\{closure}(Object(Illuminate\Http\Request))
#17 /Volumes/Data/Git/taxi_reservation/vendor/laravel/framework/src/Illuminate/Session/Middleware/StartSession.php(64): Illuminate\Routing\Pipeline->Illuminate\Routing\{closure}(Object(Illuminate\Http\Request))
#18 /Volumes/Data/Git/taxi_reservation/vendor/laravel/framework/src/Illuminate/Pipeline/Pipeline.php(137): Illuminate\Session\Middleware\StartSession->handle(Object(Illuminate\Http\Request), Object(Closure))
#19 /Volumes/Data/Git/taxi_reservation/vendor/laravel/framework/src/Illuminate/Routing/Pipeline.php(33): Illuminate\Pipeline\Pipeline->Illuminate\Pipeline\{closure}(Object(Illuminate\Http\Request))
#20 /Volumes/Data/Git/taxi_reservation/vendor/laravel/framework/src/Illuminate/Cookie/Middleware/AddQueuedCookiesToResponse.php(37): Illuminate\Routing\Pipeline->Illuminate\Routing\{closure}(Object(Illuminate\Http\Request))
#21 /Volumes/Data/Git/taxi_reservation/vendor/laravel/framework/src/Illuminate/Pipeline/Pipeline.php(137): Illuminate\Cookie\Middleware\AddQueuedCookiesToResponse->handle(Object(Illuminate\Http\Request), Object(Closure))
#22 /Volumes/Data/Git/taxi_reservation/vendor/laravel/framework/src/Illuminate/Routing/Pipeline.php(33): Illuminate\Pipeline\Pipeline->Illuminate\Pipeline\{closure}(Object(Illuminate\Http\Request))
#23 /Volumes/Data/Git/taxi_reservation/vendor/laravel/framework/src/Illuminate/Cookie/Middleware/EncryptCookies.php(59): Illuminate\Routing\Pipeline->Illuminate\Routing\{closure}(Object(Illuminate\Http\Request))
#24 /Volumes/Data/Git/taxi_reservation/vendor/laravel/framework/src/Illuminate/Pipeline/Pipeline.php(137): Illuminate\Cookie\Middleware\EncryptCookies->handle(Object(Illuminate\Http\Request), Object(Closure))
#25 /Volumes/Data/Git/taxi_reservation/vendor/laravel/framework/src/Illuminate/Routing/Pipeline.php(33): Illuminate\Pipeline\Pipeline->Illuminate\Pipeline\{closure}(Object(Illuminate\Http\Request))
#26 /Volumes/Data/Git/taxi_reservation/vendor/laravel/framework/src/Illuminate/Pipeline/Pipeline.php(104): Illuminate\Routing\Pipeline->Illuminate\Routing\{closure}(Object(Illuminate\Http\Request))
#27 /Volumes/Data/Git/taxi_reservation/vendor/laravel/framework/src/Illuminate/Routing/Router.php(655): Illuminate\Pipeline\Pipeline->then(Object(Closure))
#28 /Volumes/Data/Git/taxi_reservation/vendor/laravel/framework/src/Illuminate/Routing/Router.php(629): Illuminate\Routing\Router->runRouteWithinStack(Object(Illuminate\Routing\Route), Object(Illuminate\Http\Request))
#29 /Volumes/Data/Git/taxi_reservation/vendor/laravel/framework/src/Illuminate/Routing/Router.php(607): Illuminate\Routing\Router->dispatchToRoute(Object(Illuminate\Http\Request))
#30 /Volumes/Data/Git/taxi_reservation/vendor/laravel/framework/src/Illuminate/Foundation/Http/Kernel.php(268): Illuminate\Routing\Router->dispatch(Object(Illuminate\Http\Request))
#31 /Volumes/Data/Git/taxi_reservation/vendor/laravel/framework/src/Illuminate/Routing/Pipeline.php(53): Illuminate\Foundation\Http\Kernel->Illuminate\Foundation\Http\{closure}(Object(Illuminate\Http\Request))
#32 /Volumes/Data/Git/taxi_reservation/vendor/laravel/framework/src/Illuminate/Foundation/Http/Middleware/CheckForMaintenanceMode.php(46): Illuminate\Routing\Pipeline->Illuminate\Routing\{closure}(Object(Illuminate\Http\Request))
#33 /Volumes/Data/Git/taxi_reservation/vendor/laravel/framework/src/Illuminate/Pipeline/Pipeline.php(137): Illuminate\Foundation\Http\Middleware\CheckForMaintenanceMode->handle(Object(Illuminate\Http\Request), Object(Closure))
#34 /Volumes/Data/Git/taxi_reservation/vendor/laravel/framework/src/Illuminate/Routing/Pipeline.php(33): Illuminate\Pipeline\Pipeline->Illuminate\Pipeline\{closure}(Object(Illuminate\Http\Request))
#35 /Volumes/Data/Git/taxi_reservation/vendor/laravel/framework/src/Illuminate/Pipeline/Pipeline.php(104): Illuminate\Routing\Pipeline->Illuminate\Routing\{closure}(Object(Illuminate\Http\Request))
#36 /Volumes/Data/Git/taxi_reservation/vendor/laravel/framework/src/Illuminate/Foundation/Http/Kernel.php(150): Illuminate\Pipeline\Pipeline->then(Object(Closure))
#37 /Volumes/Data/Git/taxi_reservation/vendor/laravel/framework/src/Illuminate/Foundation/Http/Kernel.php(117): Illuminate\Foundation\Http\Kernel->sendRequestThroughRouter(Object(Illuminate\Http\Request))
#38 /Volumes/Data/Git/taxi_reservation/public/index.php(53): Illuminate\Foundation\Http\Kernel->handle(Object(Illuminate\Http\Request))
#39 /Volumes/Data/Git/taxi_reservation/server.php(21): require_once('/Volumes/Data/G...')
#40 {main}  
[2019-08-09 19:03:36] production.ERROR: ErrorException: file_put_contents(E:\upwork_project\relaxtaxi_web\storage\framework/sessions/LRDYfoqxfpggP08neT9DMRz4iHTnGugFWdpJcZTT): failed to open stream: No such file or directory in /Volumes/Data/Git/taxi_reservation/vendor/laravel/framework/src/Illuminate/Filesystem/Filesystem.php:111
Stack trace:
#0 [internal function]: Illuminate\Foundation\Bootstrap\HandleExceptions->handleError(2, 'file_put_conten...', '/Volumes/Data/G...', 111, Array)
#1 /Volumes/Data/Git/taxi_reservation/vendor/laravel/framework/src/Illuminate/Filesystem/Filesystem.php(111): file_put_contents('E:\\upwork_proje...', 'a:4:{s:6:"_toke...', 2)
#2 /Volumes/Data/Git/taxi_reservation/vendor/laravel/framework/src/Illuminate/Session/FileSessionHandler.php(83): Illuminate\Filesystem\Filesystem->put('E:\\upwork_proje...', 'a:4:{s:6:"_toke...', true)
#3 /Volumes/Data/Git/taxi_reservation/vendor/laravel/framework/src/Illuminate/Session/Store.php(263): Illuminate\Session\FileSessionHandler->write('LRDYfoqxfpggP08...', 'a:4:{s:6:"_toke...')
#4 /Volumes/Data/Git/taxi_reservation/vendor/laravel/framework/src/Illuminate/Session/Middleware/StartSession.php(88): Illuminate\Session\Store->save()
#5 /Volumes/Data/Git/taxi_reservation/vendor/laravel/framework/src/Illuminate/Foundation/Http/Kernel.php(177): Illuminate\Session\Middleware\StartSession->terminate(Object(Illuminate\Http\Request), Object(Illuminate\Http\Response))
#6 /Volumes/Data/Git/taxi_reservation/public/index.php(58): Illuminate\Foundation\Http\Kernel->terminate(Object(Illuminate\Http\Request), Object(Illuminate\Http\Response))
#7 /Volumes/Data/Git/taxi_reservation/server.php(21): require_once('/Volumes/Data/G...')
#8 {main}  
